<?xml version="1.0" encoding="UTF-8"?>
<testsuite xmlns:xsi="http://www.w3.org/2001/XMLSchema-instance" xsi:noNamespaceSchemaLocation="https://maven.apache.org/surefire/maven-surefire-plugin/xsd/surefire-test-report-3.0.xsd" version="3.0" name="com.example.auth0demo.Auth0demoApplicationTests" time="2.548" tests="1" errors="0" skipped="0" failures="0">
  <properties>
    <property name="java.specification.version" value="17"/>
    <property name="sun.jnu.encoding" value="UTF-8"/>
    <property name="java.class.path" value="/Users/sahadsanai.p/Desktop/coffe/test5/auth0demo/target/test-classes:/Users/sahadsanai.p/Desktop/coffe/test5/auth0demo/target/classes:/Users/sahadsanai.p/.m2/repository/org/springframework/boot/spring-boot-starter-oauth2-client/3.2.3/spring-boot-starter-oauth2-client-3.2.3.jar:/Users/sahadsanai.p/.m2/repository/org/springframework/boot/spring-boot-starter/3.2.3/spring-boot-starter-3.2.3.jar:/Users/sahadsanai.p/.m2/repository/org/springframework/boot/spring-boot/3.2.3/spring-boot-3.2.3.jar:/Users/sahadsanai.p/.m2/repository/org/springframework/boot/spring-boot-autoconfigure/3.2.3/spring-boot-autoconfigure-3.2.3.jar:/Users/sahadsanai.p/.m2/repository/org/springframework/boot/spring-boot-starter-logging/3.2.3/spring-boot-starter-logging-3.2.3.jar:/Users/sahadsanai.p/.m2/repository/ch/qos/logback/logback-classic/1.4.14/logback-classic-1.4.14.jar:/Users/sahadsanai.p/.m2/repository/ch/qos/logback/logback-core/1.4.14/logback-core-1.4.14.jar:/Users/sahadsanai.p/.m2/repository/org/apache/logging/log4j/log4j-to-slf4j/2.21.1/log4j-to-slf4j-2.21.1.jar:/Users/sahadsanai.p/.m2/repository/org/apache/logging/log4j/log4j-api/2.21.1/log4j-api-2.21.1.jar:/Users/sahadsanai.p/.m2/repository/org/slf4j/jul-to-slf4j/2.0.12/jul-to-slf4j-2.0.12.jar:/Users/sahadsanai.p/.m2/repository/jakarta/annotation/jakarta.annotation-api/2.1.1/jakarta.annotation-api-2.1.1.jar:/Users/sahadsanai.p/.m2/repository/org/yaml/snakeyaml/2.2/snakeyaml-2.2.jar:/Users/sahadsanai.p/.m2/repository/org/springframework/security/spring-security-config/6.2.2/spring-security-config-6.2.2.jar:/Users/sahadsanai.p/.m2/repository/org/springframework/spring-beans/6.1.4/spring-beans-6.1.4.jar:/Users/sahadsanai.p/.m2/repository/org/springframework/spring-context/6.1.4/spring-context-6.1.4.jar:/Users/sahadsanai.p/.m2/repository/org/springframework/security/spring-security-core/6.2.2/spring-security-core-6.2.2.jar:/Users/sahadsanai.p/.m2/repository/org/springframework/security/spring-security-crypto/6.2.2/spring-security-crypto-6.2.2.jar:/Users/sahadsanai.p/.m2/repository/org/springframework/spring-expression/6.1.4/spring-expression-6.1.4.jar:/Users/sahadsanai.p/.m2/repository/io/micrometer/micrometer-observation/1.12.3/micrometer-observation-1.12.3.jar:/Users/sahadsanai.p/.m2/repository/io/micrometer/micrometer-commons/1.12.3/micrometer-commons-1.12.3.jar:/Users/sahadsanai.p/.m2/repository/org/springframework/security/spring-security-oauth2-client/6.2.2/spring-security-oauth2-client-6.2.2.jar:/Users/sahadsanai.p/.m2/repository/org/springframework/security/spring-security-oauth2-core/6.2.2/spring-security-oauth2-core-6.2.2.jar:/Users/sahadsanai.p/.m2/repository/com/nimbusds/oauth2-oidc-sdk/9.43.3/oauth2-oidc-sdk-9.43.3.jar:/Users/sahadsanai.p/.m2/repository/com/github/stephenc/jcip/jcip-annotations/1.0-1/jcip-annotations-1.0-1.jar:/Users/sahadsanai.p/.m2/repository/com/nimbusds/content-type/2.2/content-type-2.2.jar:/Users/sahadsanai.p/.m2/repository/com/nimbusds/lang-tag/1.7/lang-tag-1.7.jar:/Users/sahadsanai.p/.m2/repository/org/springframework/security/spring-security-oauth2-jose/6.2.2/spring-security-oauth2-jose-6.2.2.jar:/Users/sahadsanai.p/.m2/repository/com/nimbusds/nimbus-jose-jwt/9.24.4/nimbus-jose-jwt-9.24.4.jar:/Users/sahadsanai.p/.m2/repository/org/springframework/boot/spring-boot-starter-security/3.2.3/spring-boot-starter-security-3.2.3.jar:/Users/sahadsanai.p/.m2/repository/org/springframework/spring-aop/6.1.4/spring-aop-6.1.4.jar:/Users/sahadsanai.p/.m2/repository/org/springframework/security/spring-security-web/6.2.2/spring-security-web-6.2.2.jar:/Users/sahadsanai.p/.m2/repository/org/springframework/boot/spring-boot-starter-thymeleaf/3.2.3/spring-boot-starter-thymeleaf-3.2.3.jar:/Users/sahadsanai.p/.m2/repository/org/thymeleaf/thymeleaf-spring6/3.1.2.RELEASE/thymeleaf-spring6-3.1.2.RELEASE.jar:/Users/sahadsanai.p/.m2/repository/org/thymeleaf/thymeleaf/3.1.2.RELEASE/thymeleaf-3.1.2.RELEASE.jar:/Users/sahadsanai.p/.m2/repository/org/attoparser/attoparser/2.0.7.RELEASE/attoparser-2.0.7.RELEASE.jar:/Users/sahadsanai.p/.m2/repository/org/unbescape/unbescape/1.1.6.RELEASE/unbescape-1.1.6.RELEASE.jar:/Users/sahadsanai.p/.m2/repository/org/springframework/boot/spring-boot-starter-web/3.2.3/spring-boot-starter-web-3.2.3.jar:/Users/sahadsanai.p/.m2/repository/org/springframework/boot/spring-boot-starter-json/3.2.3/spring-boot-starter-json-3.2.3.jar:/Users/sahadsanai.p/.m2/repository/com/fasterxml/jackson/core/jackson-databind/2.15.4/jackson-databind-2.15.4.jar:/Users/sahadsanai.p/.m2/repository/com/fasterxml/jackson/core/jackson-annotations/2.15.4/jackson-annotations-2.15.4.jar:/Users/sahadsanai.p/.m2/repository/com/fasterxml/jackson/core/jackson-core/2.15.4/jackson-core-2.15.4.jar:/Users/sahadsanai.p/.m2/repository/com/fasterxml/jackson/datatype/jackson-datatype-jdk8/2.15.4/jackson-datatype-jdk8-2.15.4.jar:/Users/sahadsanai.p/.m2/repository/com/fasterxml/jackson/datatype/jackson-datatype-jsr310/2.15.4/jackson-datatype-jsr310-2.15.4.jar:/Users/sahadsanai.p/.m2/repository/com/fasterxml/jackson/module/jackson-module-parameter-names/2.15.4/jackson-module-parameter-names-2.15.4.jar:/Users/sahadsanai.p/.m2/repository/org/springframework/boot/spring-boot-starter-tomcat/3.2.3/spring-boot-starter-tomcat-3.2.3.jar:/Users/sahadsanai.p/.m2/repository/org/apache/tomcat/embed/tomcat-embed-core/10.1.19/tomcat-embed-core-10.1.19.jar:/Users/sahadsanai.p/.m2/repository/org/apache/tomcat/embed/tomcat-embed-el/10.1.19/tomcat-embed-el-10.1.19.jar:/Users/sahadsanai.p/.m2/repository/org/apache/tomcat/embed/tomcat-embed-websocket/10.1.19/tomcat-embed-websocket-10.1.19.jar:/Users/sahadsanai.p/.m2/repository/org/springframework/spring-web/6.1.4/spring-web-6.1.4.jar:/Users/sahadsanai.p/.m2/repository/org/springframework/spring-webmvc/6.1.4/spring-webmvc-6.1.4.jar:/Users/sahadsanai.p/.m2/repository/org/thymeleaf/extras/thymeleaf-extras-springsecurity6/3.1.2.RELEASE/thymeleaf-extras-springsecurity6-3.1.2.RELEASE.jar:/Users/sahadsanai.p/.m2/repository/org/slf4j/slf4j-api/2.0.12/slf4j-api-2.0.12.jar:/Users/sahadsanai.p/.m2/repository/org/springframework/boot/spring-boot-starter-test/3.2.3/spring-boot-starter-test-3.2.3.jar:/Users/sahadsanai.p/.m2/repository/org/springframework/boot/spring-boot-test/3.2.3/spring-boot-test-3.2.3.jar:/Users/sahadsanai.p/.m2/repository/org/springframework/boot/spring-boot-test-autoconfigure/3.2.3/spring-boot-test-autoconfigure-3.2.3.jar:/Users/sahadsanai.p/.m2/repository/com/jayway/jsonpath/json-path/2.9.0/json-path-2.9.0.jar:/Users/sahadsanai.p/.m2/repository/jakarta/xml/bind/jakarta.xml.bind-api/4.0.1/jakarta.xml.bind-api-4.0.1.jar:/Users/sahadsanai.p/.m2/repository/jakarta/activation/jakarta.activation-api/2.1.2/jakarta.activation-api-2.1.2.jar:/Users/sahadsanai.p/.m2/repository/net/minidev/json-smart/2.5.0/json-smart-2.5.0.jar:/Users/sahadsanai.p/.m2/repository/net/minidev/accessors-smart/2.5.0/accessors-smart-2.5.0.jar:/Users/sahadsanai.p/.m2/repository/org/ow2/asm/asm/9.3/asm-9.3.jar:/Users/sahadsanai.p/.m2/repository/org/assertj/assertj-core/3.24.2/assertj-core-3.24.2.jar:/Users/sahadsanai.p/.m2/repository/net/bytebuddy/byte-buddy/1.14.12/byte-buddy-1.14.12.jar:/Users/sahadsanai.p/.m2/repository/org/awaitility/awaitility/4.2.0/awaitility-4.2.0.jar:/Users/sahadsanai.p/.m2/repository/org/hamcrest/hamcrest/2.2/hamcrest-2.2.jar:/Users/sahadsanai.p/.m2/repository/org/junit/jupiter/junit-jupiter/5.10.2/junit-jupiter-5.10.2.jar:/Users/sahadsanai.p/.m2/repository/org/junit/jupiter/junit-jupiter-api/5.10.2/junit-jupiter-api-5.10.2.jar:/Users/sahadsanai.p/.m2/repository/org/opentest4j/opentest4j/1.3.0/opentest4j-1.3.0.jar:/Users/sahadsanai.p/.m2/repository/org/junit/platform/junit-platform-commons/1.10.2/junit-platform-commons-1.10.2.jar:/Users/sahadsanai.p/.m2/repository/org/apiguardian/apiguardian-api/1.1.2/apiguardian-api-1.1.2.jar:/Users/sahadsanai.p/.m2/repository/org/junit/jupiter/junit-jupiter-params/5.10.2/junit-jupiter-params-5.10.2.jar:/Users/sahadsanai.p/.m2/repository/org/junit/jupiter/junit-jupiter-engine/5.10.2/junit-jupiter-engine-5.10.2.jar:/Users/sahadsanai.p/.m2/repository/org/junit/platform/junit-platform-engine/1.10.2/junit-platform-engine-1.10.2.jar:/Users/sahadsanai.p/.m2/repository/org/mockito/mockito-core/5.7.0/mockito-core-5.7.0.jar:/Users/sahadsanai.p/.m2/repository/net/bytebuddy/byte-buddy-agent/1.14.12/byte-buddy-agent-1.14.12.jar:/Users/sahadsanai.p/.m2/repository/org/objenesis/objenesis/3.3/objenesis-3.3.jar:/Users/sahadsanai.p/.m2/repository/org/mockito/mockito-junit-jupiter/5.7.0/mockito-junit-jupiter-5.7.0.jar:/Users/sahadsanai.p/.m2/repository/org/skyscreamer/jsonassert/1.5.1/jsonassert-1.5.1.jar:/Users/sahadsanai.p/.m2/repository/com/vaadin/external/google/android-json/0.0.20131108.vaadin1/android-json-0.0.20131108.vaadin1.jar:/Users/sahadsanai.p/.m2/repository/org/springframework/spring-core/6.1.4/spring-core-6.1.4.jar:/Users/sahadsanai.p/.m2/repository/org/springframework/spring-jcl/6.1.4/spring-jcl-6.1.4.jar:/Users/sahadsanai.p/.m2/repository/org/springframework/spring-test/6.1.4/spring-test-6.1.4.jar:/Users/sahadsanai.p/.m2/repository/org/xmlunit/xmlunit-core/2.9.1/xmlunit-core-2.9.1.jar:/Users/sahadsanai.p/.m2/repository/org/springframework/security/spring-security-test/6.2.2/spring-security-test-6.2.2.jar:"/>
    <property name="java.vm.vendor" value="Oracle Corporation"/>
    <property name="sun.arch.data.model" value="64"/>
    <property name="java.vendor.url" value="https://java.oracle.com/"/>
    <property name="user.timezone" value="Asia/Bangkok"/>
    <property name="os.name" value="Mac OS X"/>
    <property name="java.vm.specification.version" value="17"/>
    <property name="sun.java.launcher" value="SUN_STANDARD"/>
    <property name="user.country" value="TH"/>
    <property name="sun.boot.library.path" value="/Library/Java/JavaVirtualMachines/jdk-17.jdk/Contents/Home/lib"/>
    <property name="sun.java.command" value="/Users/sahadsanai.p/Desktop/coffe/test5/auth0demo/target/surefire/surefirebooter-20240310133130040_3.jar /Users/sahadsanai.p/Desktop/coffe/test5/auth0demo/target/surefire 2024-03-10T13-31-29_965-jvmRun1 surefire-20240310133130040_1tmp surefire_0-20240310133130040_2tmp"/>
    <property name="http.nonProxyHosts" value="local|*.local|169.254/16|*.169.254/16"/>
    <property name="jdk.debug" value="release"/>
    <property name="surefire.test.class.path" value="/Users/sahadsanai.p/Desktop/coffe/test5/auth0demo/target/test-classes:/Users/sahadsanai.p/Desktop/coffe/test5/auth0demo/target/classes:/Users/sahadsanai.p/.m2/repository/org/springframework/boot/spring-boot-starter-oauth2-client/3.2.3/spring-boot-starter-oauth2-client-3.2.3.jar:/Users/sahadsanai.p/.m2/repository/org/springframework/boot/spring-boot-starter/3.2.3/spring-boot-starter-3.2.3.jar:/Users/sahadsanai.p/.m2/repository/org/springframework/boot/spring-boot/3.2.3/spring-boot-3.2.3.jar:/Users/sahadsanai.p/.m2/repository/org/springframework/boot/spring-boot-autoconfigure/3.2.3/spring-boot-autoconfigure-3.2.3.jar:/Users/sahadsanai.p/.m2/repository/org/springframework/boot/spring-boot-starter-logging/3.2.3/spring-boot-starter-logging-3.2.3.jar:/Users/sahadsanai.p/.m2/repository/ch/qos/logback/logback-classic/1.4.14/logback-classic-1.4.14.jar:/Users/sahadsanai.p/.m2/repository/ch/qos/logback/logback-core/1.4.14/logback-core-1.4.14.jar:/Users/sahadsanai.p/.m2/repository/org/apache/logging/log4j/log4j-to-slf4j/2.21.1/log4j-to-slf4j-2.21.1.jar:/Users/sahadsanai.p/.m2/repository/org/apache/logging/log4j/log4j-api/2.21.1/log4j-api-2.21.1.jar:/Users/sahadsanai.p/.m2/repository/org/slf4j/jul-to-slf4j/2.0.12/jul-to-slf4j-2.0.12.jar:/Users/sahadsanai.p/.m2/repository/jakarta/annotation/jakarta.annotation-api/2.1.1/jakarta.annotation-api-2.1.1.jar:/Users/sahadsanai.p/.m2/repository/org/yaml/snakeyaml/2.2/snakeyaml-2.2.jar:/Users/sahadsanai.p/.m2/repository/org/springframework/security/spring-security-config/6.2.2/spring-security-config-6.2.2.jar:/Users/sahadsanai.p/.m2/repository/org/springframework/spring-beans/6.1.4/spring-beans-6.1.4.jar:/Users/sahadsanai.p/.m2/repository/org/springframework/spring-context/6.1.4/spring-context-6.1.4.jar:/Users/sahadsanai.p/.m2/repository/org/springframework/security/spring-security-core/6.2.2/spring-security-core-6.2.2.jar:/Users/sahadsanai.p/.m2/repository/org/springframework/security/spring-security-crypto/6.2.2/spring-security-crypto-6.2.2.jar:/Users/sahadsanai.p/.m2/repository/org/springframework/spring-expression/6.1.4/spring-expression-6.1.4.jar:/Users/sahadsanai.p/.m2/repository/io/micrometer/micrometer-observation/1.12.3/micrometer-observation-1.12.3.jar:/Users/sahadsanai.p/.m2/repository/io/micrometer/micrometer-commons/1.12.3/micrometer-commons-1.12.3.jar:/Users/sahadsanai.p/.m2/repository/org/springframework/security/spring-security-oauth2-client/6.2.2/spring-security-oauth2-client-6.2.2.jar:/Users/sahadsanai.p/.m2/repository/org/springframework/security/spring-security-oauth2-core/6.2.2/spring-security-oauth2-core-6.2.2.jar:/Users/sahadsanai.p/.m2/repository/com/nimbusds/oauth2-oidc-sdk/9.43.3/oauth2-oidc-sdk-9.43.3.jar:/Users/sahadsanai.p/.m2/repository/com/github/stephenc/jcip/jcip-annotations/1.0-1/jcip-annotations-1.0-1.jar:/Users/sahadsanai.p/.m2/repository/com/nimbusds/content-type/2.2/content-type-2.2.jar:/Users/sahadsanai.p/.m2/repository/com/nimbusds/lang-tag/1.7/lang-tag-1.7.jar:/Users/sahadsanai.p/.m2/repository/org/springframework/security/spring-security-oauth2-jose/6.2.2/spring-security-oauth2-jose-6.2.2.jar:/Users/sahadsanai.p/.m2/repository/com/nimbusds/nimbus-jose-jwt/9.24.4/nimbus-jose-jwt-9.24.4.jar:/Users/sahadsanai.p/.m2/repository/org/springframework/boot/spring-boot-starter-security/3.2.3/spring-boot-starter-security-3.2.3.jar:/Users/sahadsanai.p/.m2/repository/org/springframework/spring-aop/6.1.4/spring-aop-6.1.4.jar:/Users/sahadsanai.p/.m2/repository/org/springframework/security/spring-security-web/6.2.2/spring-security-web-6.2.2.jar:/Users/sahadsanai.p/.m2/repository/org/springframework/boot/spring-boot-starter-thymeleaf/3.2.3/spring-boot-starter-thymeleaf-3.2.3.jar:/Users/sahadsanai.p/.m2/repository/org/thymeleaf/thymeleaf-spring6/3.1.2.RELEASE/thymeleaf-spring6-3.1.2.RELEASE.jar:/Users/sahadsanai.p/.m2/repository/org/thymeleaf/thymeleaf/3.1.2.RELEASE/thymeleaf-3.1.2.RELEASE.jar:/Users/sahadsanai.p/.m2/repository/org/attoparser/attoparser/2.0.7.RELEASE/attoparser-2.0.7.RELEASE.jar:/Users/sahadsanai.p/.m2/repository/org/unbescape/unbescape/1.1.6.RELEASE/unbescape-1.1.6.RELEASE.jar:/Users/sahadsanai.p/.m2/repository/org/springframework/boot/spring-boot-starter-web/3.2.3/spring-boot-starter-web-3.2.3.jar:/Users/sahadsanai.p/.m2/repository/org/springframework/boot/spring-boot-starter-json/3.2.3/spring-boot-starter-json-3.2.3.jar:/Users/sahadsanai.p/.m2/repository/com/fasterxml/jackson/core/jackson-databind/2.15.4/jackson-databind-2.15.4.jar:/Users/sahadsanai.p/.m2/repository/com/fasterxml/jackson/core/jackson-annotations/2.15.4/jackson-annotations-2.15.4.jar:/Users/sahadsanai.p/.m2/repository/com/fasterxml/jackson/core/jackson-core/2.15.4/jackson-core-2.15.4.jar:/Users/sahadsanai.p/.m2/repository/com/fasterxml/jackson/datatype/jackson-datatype-jdk8/2.15.4/jackson-datatype-jdk8-2.15.4.jar:/Users/sahadsanai.p/.m2/repository/com/fasterxml/jackson/datatype/jackson-datatype-jsr310/2.15.4/jackson-datatype-jsr310-2.15.4.jar:/Users/sahadsanai.p/.m2/repository/com/fasterxml/jackson/module/jackson-module-parameter-names/2.15.4/jackson-module-parameter-names-2.15.4.jar:/Users/sahadsanai.p/.m2/repository/org/springframework/boot/spring-boot-starter-tomcat/3.2.3/spring-boot-starter-tomcat-3.2.3.jar:/Users/sahadsanai.p/.m2/repository/org/apache/tomcat/embed/tomcat-embed-core/10.1.19/tomcat-embed-core-10.1.19.jar:/Users/sahadsanai.p/.m2/repository/org/apache/tomcat/embed/tomcat-embed-el/10.1.19/tomcat-embed-el-10.1.19.jar:/Users/sahadsanai.p/.m2/repository/org/apache/tomcat/embed/tomcat-embed-websocket/10.1.19/tomcat-embed-websocket-10.1.19.jar:/Users/sahadsanai.p/.m2/repository/org/springframework/spring-web/6.1.4/spring-web-6.1.4.jar:/Users/sahadsanai.p/.m2/repository/org/springframework/spring-webmvc/6.1.4/spring-webmvc-6.1.4.jar:/Users/sahadsanai.p/.m2/repository/org/thymeleaf/extras/thymeleaf-extras-springsecurity6/3.1.2.RELEASE/thymeleaf-extras-springsecurity6-3.1.2.RELEASE.jar:/Users/sahadsanai.p/.m2/repository/org/slf4j/slf4j-api/2.0.12/slf4j-api-2.0.12.jar:/Users/sahadsanai.p/.m2/repository/org/springframework/boot/spring-boot-starter-test/3.2.3/spring-boot-starter-test-3.2.3.jar:/Users/sahadsanai.p/.m2/repository/org/springframework/boot/spring-boot-test/3.2.3/spring-boot-test-3.2.3.jar:/Users/sahadsanai.p/.m2/repository/org/springframework/boot/spring-boot-test-autoconfigure/3.2.3/spring-boot-test-autoconfigure-3.2.3.jar:/Users/sahadsanai.p/.m2/repository/com/jayway/jsonpath/json-path/2.9.0/json-path-2.9.0.jar:/Users/sahadsanai.p/.m2/repository/jakarta/xml/bind/jakarta.xml.bind-api/4.0.1/jakarta.xml.bind-api-4.0.1.jar:/Users/sahadsanai.p/.m2/repository/jakarta/activation/jakarta.activation-api/2.1.2/jakarta.activation-api-2.1.2.jar:/Users/sahadsanai.p/.m2/repository/net/minidev/json-smart/2.5.0/json-smart-2.5.0.jar:/Users/sahadsanai.p/.m2/repository/net/minidev/accessors-smart/2.5.0/accessors-smart-2.5.0.jar:/Users/sahadsanai.p/.m2/repository/org/ow2/asm/asm/9.3/asm-9.3.jar:/Users/sahadsanai.p/.m2/repository/org/assertj/assertj-core/3.24.2/assertj-core-3.24.2.jar:/Users/sahadsanai.p/.m2/repository/net/bytebuddy/byte-buddy/1.14.12/byte-buddy-1.14.12.jar:/Users/sahadsanai.p/.m2/repository/org/awaitility/awaitility/4.2.0/awaitility-4.2.0.jar:/Users/sahadsanai.p/.m2/repository/org/hamcrest/hamcrest/2.2/hamcrest-2.2.jar:/Users/sahadsanai.p/.m2/repository/org/junit/jupiter/junit-jupiter/5.10.2/junit-jupiter-5.10.2.jar:/Users/sahadsanai.p/.m2/repository/org/junit/jupiter/junit-jupiter-api/5.10.2/junit-jupiter-api-5.10.2.jar:/Users/sahadsanai.p/.m2/repository/org/opentest4j/opentest4j/1.3.0/opentest4j-1.3.0.jar:/Users/sahadsanai.p/.m2/repository/org/junit/platform/junit-platform-commons/1.10.2/junit-platform-commons-1.10.2.jar:/Users/sahadsanai.p/.m2/repository/org/apiguardian/apiguardian-api/1.1.2/apiguardian-api-1.1.2.jar:/Users/sahadsanai.p/.m2/repository/org/junit/jupiter/junit-jupiter-params/5.10.2/junit-jupiter-params-5.10.2.jar:/Users/sahadsanai.p/.m2/repository/org/junit/jupiter/junit-jupiter-engine/5.10.2/junit-jupiter-engine-5.10.2.jar:/Users/sahadsanai.p/.m2/repository/org/junit/platform/junit-platform-engine/1.10.2/junit-platform-engine-1.10.2.jar:/Users/sahadsanai.p/.m2/repository/org/mockito/mockito-core/5.7.0/mockito-core-5.7.0.jar:/Users/sahadsanai.p/.m2/repository/net/bytebuddy/byte-buddy-agent/1.14.12/byte-buddy-agent-1.14.12.jar:/Users/sahadsanai.p/.m2/repository/org/objenesis/objenesis/3.3/objenesis-3.3.jar:/Users/sahadsanai.p/.m2/repository/org/mockito/mockito-junit-jupiter/5.7.0/mockito-junit-jupiter-5.7.0.jar:/Users/sahadsanai.p/.m2/repository/org/skyscreamer/jsonassert/1.5.1/jsonassert-1.5.1.jar:/Users/sahadsanai.p/.m2/repository/com/vaadin/external/google/android-json/0.0.20131108.vaadin1/android-json-0.0.20131108.vaadin1.jar:/Users/sahadsanai.p/.m2/repository/org/springframework/spring-core/6.1.4/spring-core-6.1.4.jar:/Users/sahadsanai.p/.m2/repository/org/springframework/spring-jcl/6.1.4/spring-jcl-6.1.4.jar:/Users/sahadsanai.p/.m2/repository/org/springframework/spring-test/6.1.4/spring-test-6.1.4.jar:/Users/sahadsanai.p/.m2/repository/org/xmlunit/xmlunit-core/2.9.1/xmlunit-core-2.9.1.jar:/Users/sahadsanai.p/.m2/repository/org/springframework/security/spring-security-test/6.2.2/spring-security-test-6.2.2.jar:"/>
    <property name="sun.cpu.endian" value="little"/>
    <property name="user.home" value="/Users/sahadsanai.p"/>
    <property name="user.language" value="en"/>
    <property name="java.specification.vendor" value="Oracle Corporation"/>
    <property name="java.version.date" value="2024-01-16"/>
    <property name="java.home" value="/Library/Java/JavaVirtualMachines/jdk-17.jdk/Contents/Home"/>
    <property name="file.separator" value="/"/>
    <property name="basedir" value="/Users/sahadsanai.p/Desktop/coffe/test5/auth0demo"/>
    <property name="java.vm.compressedOopsMode" value="Zero based"/>
    <property name="line.separator" value="&#10;"/>
    <property name="java.vm.specification.vendor" value="Oracle Corporation"/>
    <property name="java.specification.name" value="Java Platform API Specification"/>
    <property name="FILE_LOG_CHARSET" value="UTF-8"/>
    <property name="java.awt.headless" value="true"/>
    <property name="surefire.real.class.path" value="/Users/sahadsanai.p/Desktop/coffe/test5/auth0demo/target/surefire/surefirebooter-20240310133130040_3.jar"/>
    <property name="sun.management.compiler" value="HotSpot 64-Bit Tiered Compilers"/>
    <property name="ftp.nonProxyHosts" value="local|*.local|169.254/16|*.169.254/16"/>
    <property name="java.runtime.version" value="17.0.10+11-LTS-240"/>
    <property name="user.name" value="sahadsanai.p"/>
    <property name="path.separator" value=":"/>
    <property name="os.version" value="13.1"/>
    <property name="java.runtime.name" value="Java(TM) SE Runtime Environment"/>
    <property name="file.encoding" value="UTF-8"/>
    <property name="java.vm.name" value="Java HotSpot(TM) 64-Bit Server VM"/>
    <property name="localRepository" value="/Users/sahadsanai.p/.m2/repository"/>
    <property name="java.vendor.url.bug" value="https://bugreport.java.com/bugreport/"/>
    <property name="java.io.tmpdir" value="/var/folders/9z/prz6gjqx7c1gz_599v_rtrhm0000gp/T/"/>
    <property name="java.version" value="17.0.10"/>
    <property name="user.dir" value="/Users/sahadsanai.p/Desktop/coffe/test5/auth0demo"/>
    <property name="os.arch" value="aarch64"/>
    <property name="java.vm.specification.name" value="Java Virtual Machine Specification"/>
    <property name="PID" value="70625"/>
    <property name="CONSOLE_LOG_CHARSET" value="UTF-8"/>
    <property name="native.encoding" value="UTF-8"/>
    <property name="java.library.path" value="/Users/sahadsanai.p/Library/Java/Extensions:/Library/Java/Extensions:/Network/Library/Java/Extensions:/System/Library/Java/Extensions:/usr/lib/java:."/>
    <property name="java.vm.info" value="mixed mode, sharing"/>
    <property name="java.vendor" value="Oracle Corporation"/>
    <property name="java.vm.version" value="17.0.10+11-LTS-240"/>
    <property name="sun.io.unicode.encoding" value="UnicodeBig"/>
    <property name="socksNonProxyHosts" value="local|*.local|169.254/16|*.169.254/16"/>
    <property name="java.class.version" value="61.0"/>
  </properties>
  <testcase name="contextLoads" classname="com.example.auth0demo.Auth0demoApplicationTests" time="0.392">
    <system-out><![CDATA[13:31:30.667 [main] INFO org.springframework.test.context.support.AnnotationConfigContextLoaderUtils -- Could not detect default configuration classes for test class [com.example.auth0demo.Auth0demoApplicationTests]: Auth0demoApplicationTests does not declare any static, non-private, non-final, nested classes annotated with @Configuration.
13:31:30.722 [main] INFO org.springframework.boot.test.context.SpringBootTestContextBootstrapper -- Found @SpringBootConfiguration com.example.auth0demo.Auth0demoApplication for test class com.example.auth0demo.Auth0demoApplicationTests

  .   ____          _            __ _ _
 /\\ / ___'_ __ _ _(_)_ __  __ _ \ \ \ \
( ( )\___ | '_ | '_| | '_ \/ _` | \ \ \ \
 \\/  ___)| |_)| | | | | || (_| |  ) ) ) )
  '  |____| .__|_| |_|_| |_\__, | / / / /
 =========|_|==============|___/=/_/_/_/
 :: Spring Boot ::                (v3.2.3)

2024-03-10T13:31:30.984+07:00  INFO 70625 --- [           main] c.e.auth0demo.Auth0demoApplicationTests  : Starting Auth0demoApplicationTests using Java 17.0.10 with PID 70625 (started by sahadsanai.p in /Users/sahadsanai.p/Desktop/coffe/test5/auth0demo)
2024-03-10T13:31:30.985+07:00  INFO 70625 --- [           main] c.e.auth0demo.Auth0demoApplicationTests  : No active profile set, falling back to 1 default profile: "default"
2024-03-10T13:31:32.506+07:00  INFO 70625 --- [           main] o.s.b.a.w.s.WelcomePageHandlerMapping    : Adding welcome page template: index
2024-03-10T13:31:32.584+07:00  INFO 70625 --- [           main] o.s.s.web.DefaultSecurityFilterChain     : Will secure any request with [org.springframework.security.web.session.DisableEncodeUrlFilter@1a1c21b4, org.springframework.security.web.context.request.async.WebAsyncManagerIntegrationFilter@1cd2ff5b, org.springframework.security.web.context.SecurityContextHolderFilter@2871ac91, org.springframework.security.web.header.HeaderWriterFilter@57186526, org.springframework.web.filter.CorsFilter@38ac8968, org.springframework.security.web.csrf.CsrfFilter@1ee5632d, org.springframework.security.web.authentication.logout.LogoutFilter@5968800d, org.springframework.security.oauth2.client.web.OAuth2AuthorizationRequestRedirectFilter@22a6d75c, org.springframework.security.oauth2.client.web.OAuth2LoginAuthenticationFilter@382d71c7, org.springframework.security.web.authentication.UsernamePasswordAuthenticationFilter@443a06ad, org.springframework.security.web.authentication.ui.DefaultLoginPageGeneratingFilter@615efd1c, org.springframework.security.web.authentication.ui.DefaultLogoutPageGeneratingFilter@17ff8810, org.springframework.security.web.savedrequest.RequestCacheAwareFilter@6d69a0d3, org.springframework.security.web.servletapi.SecurityContextHolderAwareRequestFilter@1f916219, org.springframework.security.web.authentication.AnonymousAuthenticationFilter@6c951ada, org.springframework.security.web.access.ExceptionTranslationFilter@261f359f]
2024-03-10T13:31:32.707+07:00  INFO 70625 --- [           main] c.e.auth0demo.Auth0demoApplicationTests  : Started Auth0demoApplicationTests in 1.867 seconds (process running for 2.597)
]]></system-out>
  </testcase>
</testsuite>